TN:
SF:script/DeployDSCEngine.s.sol
FN:12,DeployDSCEngine.run
FNDA:0,DeployDSCEngine.run
DA:13,0
FN:16,DeployDSCEngine.deployContract
FNDA:2,DeployDSCEngine.deployContract
DA:17,2
DA:18,2
DA:19,2
DA:20,2
DA:21,2
DA:22,2
DA:23,2
DA:24,2
DA:25,2
DA:26,2
DA:27,2
DA:32,2
DA:33,2
FNF:2
FNH:1
LF:14
LH:13
BRF:0
BRH:0
end_of_record
TN:
SF:script/HelperConfig.s.sol
FN:18,HelperConfig.getConfig
FNDA:2,HelperConfig.getConfig
DA:19,2
FN:22,HelperConfig.getConfigByChainId
FNDA:0,HelperConfig.getConfigByChainId
DA:25,2
DA:26,2
DA:27,2
DA:33,2
FNF:2
FNH:1
LF:5
LH:5
BRF:0
BRH:0
end_of_record
TN:
SF:src/DSCEngine.sol
FN:89,DSCEngine.moreThanZero
FNDA:3,DSCEngine.moreThanZero
DA:90,3
BRDA:90,0,0,2
DA:91,2
FN:96,DSCEngine.isAllowedToken
FNDA:1,DSCEngine.isAllowedToken
DA:97,1
BRDA:97,1,0,1
DA:98,1
FN:107,DSCEngine.
FNDA:2,DSCEngine.
DA:113,2
BRDA:113,2,0,-
DA:114,0
DA:116,2
DA:117,4
DA:118,4
DA:120,2
FN:129,DSCEngine.depositCollateral
FNDA:3,DSCEngine.depositCollateral
DA:138,0
DA:141,0
DA:146,0
DA:151,0
BRDA:151,3,0,-
DA:152,0
FN:156,DSCEngine.redeemCollateral
FNDA:0,DSCEngine.redeemCollateral
FN:158,DSCEngine.depositCollaterallAndMintDsc
FNDA:0,DSCEngine.depositCollaterallAndMintDsc
FN:160,DSCEngine.redeemColaterallForDsc
FNDA:0,DSCEngine.redeemColaterallForDsc
FN:167,DSCEngine.mintDsc
FNDA:0,DSCEngine.mintDsc
DA:170,0
DA:172,0
DA:173,0
DA:174,0
BRDA:174,4,0,-
DA:175,0
FN:179,DSCEngine.burnDsc
FNDA:0,DSCEngine.burnDsc
FN:181,DSCEngine.liquidate
FNDA:0,DSCEngine.liquidate
FN:183,DSCEngine.getHealthFactor
FNDA:0,DSCEngine.getHealthFactor
FN:189,DSCEngine._getAccountInformation
FNDA:0,DSCEngine._getAccountInformation
DA:196,0
DA:197,0
FN:204,DSCEngine._healthFactor
FNDA:0,DSCEngine._healthFactor
DA:207,0
DA:210,0
DA:211,0
DA:213,0
FN:216,DSCEngine._revertIfHealthFactorIsBroken
FNDA:0,DSCEngine._revertIfHealthFactorIsBroken
DA:217,0
DA:218,0
BRDA:218,5,0,-
DA:219,0
FN:226,DSCEngine.getAccountCollateralValue
FNDA:0,DSCEngine.getAccountCollateralValue
DA:229,0
DA:230,0
DA:231,0
DA:232,0
FN:236,DSCEngine.getUsdValue
FNDA:0,DSCEngine.getUsdValue
DA:240,0
DA:243,0
DA:246,0
DA:247,0
FN:250,DSCEngine.getCollateralTokenAddresses
FNDA:1,DSCEngine.getCollateralTokenAddresses
DA:255,1
FNF:17
FNH:5
LF:38
LH:10
BRF:6
BRH:2
end_of_record
TN:
SF:src/DecentralizedStableCoin.sol
FN:49,DecentralizedStableCoin.burn
FNDA:2,DecentralizedStableCoin.burn
DA:50,2
DA:51,2
BRDA:51,0,0,1
DA:52,1
DA:55,1
BRDA:55,1,0,1
DA:56,1
DA:59,0
FN:62,DecentralizedStableCoin.mint
FNDA:2,DecentralizedStableCoin.mint
DA:63,2
BRDA:63,2,0,1
DA:64,1
DA:67,1
BRDA:67,3,0,1
DA:68,1
DA:71,0
DA:72,0
FNF:2
FNH:2
LF:12
LH:9
BRF:4
BRH:4
end_of_record
